2022/05/10 22:06:14 {"callers":["/golang/src/github.com/practic-go/gin/blog/main.go: 22 main.init.0"],"level":"info","message":"biny: go-programming-tour-book/blog","time":1652191574112752732}
2022/05/10 22:16:43 {"callers":["/golang/src/github.com/practic-go/gin/blog/main.go: 22 main.init.0"],"level":"info","message":"biny: go-programming-tour-book/blog","time":1652192203978953662}
2022/05/10 22:23:49 {"callers":["/golang/src/github.com/practic-go/gin/blog/main.go: 22 main.init.0"],"level":"info","message":"biny: go-programming-tour-book/blog","time":1652192629010946049}
2022/05/10 22:30:01 {"callers":["/golang/src/github.com/practic-go/gin/blog/main.go: 22 main.init.0"],"level":"info","message":"biny: go-programming-tour-book/blog","time":1652193001032477238}
2022/05/10 22:32:45 {"callers":["/golang/src/github.com/practic-go/gin/blog/main.go: 22 main.init.0"],"level":"info","message":"biny: go-programming-tour-book/blog","time":1652193165353114183}
2022/05/10 22:39:53 {"callers":["/golang/src/github.com/practic-go/gin/blog/main.go: 22 main.init.0"],"level":"info","message":"biny: go-programming-tour-book/blog","time":1652193593834079100}
2022/05/10 22:42:00 {"callers":["/golang/src/github.com/practic-go/gin/blog/main.go: 22 main.init.0"],"level":"info","message":"biny: go-programming-tour-book/blog","time":1652193720279133946}
2022/05/11 10:01:18 {"callers":["/golang/src/github.com/practic-go/gin/blog/main.go: 22 main.init.0"],"level":"info","message":"biny: go-programming-tour-book/blog","time":1652234478620808834}
2022/05/11 10:01:35 {"callers":["/golang/src/github.com/practic-go/gin/blog/main.go: 22 main.init.0"],"level":"error","message":"app.BindAndValid errs: State必须是[0 1]中的一个","time":1652234495088124651}
2022/05/11 10:06:08 {"callers":["/golang/src/github.com/practic-go/gin/blog/main.go: 22 main.init.0"],"level":"info","message":"biny: go-programming-tour-book/blog","time":1652234768983780434}
2022/05/11 10:06:11 {"callers":["/golang/src/github.com/practic-go/gin/blog/main.go: 22 main.init.0"],"level":"error","message":"app.BindAndValid errs: State必须是[0 1]中的一个","time":1652234771897224919}
2022/05/11 12:02:37 {"callers":["/golang/src/github.com/practic-go/gin/blog/main.go: 22 main.init.0"],"level":"info","message":"biny: go-programming-tour-book/blog","time":1652241757406543331}
2022/05/11 12:02:59 {"callers":["/golang/src/github.com/practic-go/gin/blog/main.go: 22 main.init.0"],"level":"error","message":"app.BindAndValid errs: Name长度必须至少为3个字符","time":1652241779693414016}
2022/05/11 12:07:14 {"callers":["/golang/src/github.com/practic-go/gin/blog/main.go: 22 main.init.0"],"level":"error","message":"app.BindAndValid errs: Name长度必须至少为3个字符,State必须是[0 1]中的一个","time":1652242034865567065}
2022/05/11 12:07:23 {"callers":["/golang/src/github.com/practic-go/gin/blog/main.go: 22 main.init.0"],"level":"error","message":"app.BindAndValid errs: Name长度必须至少为3个字符,State为必填字段","time":1652242043129116450}
2022/05/11 12:08:38 {"callers":["/golang/src/github.com/practic-go/gin/blog/main.go: 22 main.init.0"],"level":"error","message":"app.BindAndValid errs: State为必填字段","time":1652242118026729563}
2022/05/11 12:10:16 {"callers":["/golang/src/github.com/practic-go/gin/blog/main.go: 22 main.init.0"],"level":"error","message":"svc.DeleteTag err: sql: expected 3 arguments, got 6","time":1652242216002115658}
2022/05/11 12:11:45 {"callers":["/golang/src/github.com/practic-go/gin/blog/main.go: 22 main.init.0"],"level":"info","message":"biny: go-programming-tour-book/blog","time":1652242305833136949}
2022/05/11 13:09:15 {"callers":["/golang/src/github.com/practic-go/gin/blog/main.go: 22 main.init.0"],"level":"info","message":"biny: go-programming-tour-book/blog","time":1652245755738770874}
2022/05/11 13:09:31 {"callers":["/golang/src/github.com/practic-go/gin/blog/main.go: 22 main.init.0"],"level":"error","message":"app.BindAndValid errs: State为必填字段","time":1652245771547976019}
